Backend server is running on http://localhost:4000
Connect to MongooDB....
Admin stats endpoint called
Total users: 4
Total listings: 21
Sending admin stats response with author contact info
Sample listing author data: {
  authorEmail: 'thisaru12@gmail.com',
  authorPhone: '+9411111111',
  contactPhone: '+9411111111'
}
Admin stats endpoint called
Total users: 4
Total listings: 21
Sending admin stats response with author contact info
Sample listing author data: {
  authorEmail: 'thisaru12@gmail.com',
  authorPhone: '+9411111111',
  contactPhone: '+9411111111'
}
Admin stats endpoint called
Total users: 4
Total listings: 21
Sending admin stats response with author contact info
Sample listing author data: {
  authorEmail: 'thisaru12@gmail.com',
  authorPhone: '+9411111111',
  contactPhone: '+9411111111'
}
Admin stats endpoint called
Total users: 4
Total listings: 21
Sending admin stats response with author contact info
Sample listing author data: {
  authorEmail: 'thisaru12@gmail.com',
  authorPhone: '+9411111111',
  contactPhone: '+9411111111'
}
Admin stats endpoint called
Total users: 4
Total listings: 21
Sending admin stats response with author contact info
Sample listing author data: {
  authorEmail: 'thisaru12@gmail.com',
  authorPhone: '+9411111111',
  contactPhone: '+9411111111'
}
Admin stats endpoint called
Total users: 4
Total listings: 21
Sending admin stats response with author contact info
Sample listing author data: {
  authorEmail: 'thisaru12@gmail.com',
  authorPhone: '+9411111111',
  contactPhone: '+9411111111'
}
Admin stats endpoint called
Total users: 4
Total listings: 21
Sending admin stats response with author contact info
Sample listing author data: {
  authorEmail: 'thisaru12@gmail.com',
  authorPhone: '+9411111111',
  contactPhone: '+9411111111'
}
Admin stats endpoint called
Total users: 4
Total listings: 21
Sending admin stats response with author contact info
Sample listing author data: {
  authorEmail: 'thisaru12@gmail.com',
  authorPhone: '+9411111111',
  contactPhone: '+9411111111'
}
Admin stats endpoint called
Total users: 4
Total listings: 21
Sending admin stats response with author contact info
Sample listing author data: {
  authorEmail: 'thisaru12@gmail.com',
  authorPhone: '+9411111111',
  contactPhone: '+9411111111'
}
Admin stats endpoint called
Total users: 4
Total listings: 21
Sending admin stats response with author contact info
Sample listing author data: {
  authorEmail: 'thisaru12@gmail.com',
  authorPhone: '+9411111111',
  contactPhone: '+9411111111'
}
Admin stats endpoint called
Total users: 4
Total listings: 21
Sending admin stats response with author contact info
Sample listing author data: {
  authorEmail: 'thisaru12@gmail.com',
  authorPhone: '+9411111111',
  contactPhone: '+9411111111'
}
Admin stats endpoint called
Total users: 4
Total listings: 21
Sending admin stats response with author contact info
Sample listing author data: {
  authorEmail: 'thisaru12@gmail.com',
  authorPhone: '+9411111111',
  contactPhone: '+9411111111'
}
Admin stats endpoint called
Total users: 4
Total listings: 21
Sending admin stats response with author contact info
Sample listing author data: {
  authorEmail: 'thisaru12@gmail.com',
  authorPhone: '+9411111111',
  contactPhone: '+9411111111'
}
Admin stats endpoint called
Total users: 4
Total listings: 21
Sending admin stats response with author contact info
Sample listing author data: {
  authorEmail: 'thisaru12@gmail.com',
  authorPhone: '+9411111111',
  contactPhone: '+9411111111'
}
Admin stats endpoint called
Total users: 4
Total listings: 21
Sending admin stats response with author contact info
Sample listing author data: {
  authorEmail: 'test@gmil.com',
  authorPhone: '+9454454545454',
  contactPhone: '+9454454545454'
}
Admin stats endpoint called
Total users: 4
Total listings: 21
Sending admin stats response with author contact info
Sample listing author data: {
  authorEmail: 'test@gmil.com',
  authorPhone: '+9454454545454',
  contactPhone: '+9454454545454'
}
Admin stats endpoint called
Total users: 4
Total listings: 21
Sending admin stats response with author contact info
Sample listing author data: {
  authorEmail: 'test@gmil.com',
  authorPhone: '+9454454545454',
  contactPhone: '+9454454545454'
}
Admin stats endpoint called
Total users: 4
Total listings: 21
Sending admin stats response with author contact info
Sample listing author data: {
  authorEmail: 'test@gmil.com',
  authorPhone: '+9454454545454',
  contactPhone: '+9454454545454'
}
Admin stats endpoint called
Total users: 4
Total listings: 21
Sending admin stats response with author contact info
Sample listing author data: {
  authorEmail: 'test@gmil.com',
  authorPhone: '+9454454545454',
  contactPhone: '+9454454545454'
}
Admin stats endpoint called
Total users: 4
Total listings: 21
Sending admin stats response with author contact info
Sample listing author data: {
  authorEmail: 'test@gmil.com',
  authorPhone: '+9454454545454',
  contactPhone: '+9454454545454'
}
Admin stats endpoint called
Total users: 4
Total listings: 21
Sending admin stats response with author contact info
Sample listing author data: {
  authorEmail: 'test@gmil.com',
  authorPhone: '+9454454545454',
  contactPhone: '+9454454545454'
}
Admin stats endpoint called
Total users: 4
Total listings: 21
Sending admin stats response with author contact info
Sample listing author data: {
  authorEmail: 'test@gmil.com',
  authorPhone: '+9454454545454',
  contactPhone: '+9454454545454'
}
Admin stats endpoint called
Total users: 4
Total listings: 21
Sending admin stats response with author contact info
Sample listing author data: {
  authorEmail: 'test@gmil.com',
  authorPhone: '+9454454545454',
  contactPhone: '+9454454545454'
}
Admin stats endpoint called
Total users: 4
Total listings: 21
Sending admin stats response with author contact info
Sample listing author data: {
  authorEmail: 'test@gmil.com',
  authorPhone: '+9454454545454',
  contactPhone: '+9454454545454'
}
Admin stats endpoint called
Total users: 4
Total listings: 21
Sending admin stats response with author contact info
Sample listing author data: {
  authorEmail: 'test@gmil.com',
  authorPhone: '+9454454545454',
  contactPhone: '+9454454545454'
}
Admin stats endpoint called
Total users: 4
Total listings: 21
Sending admin stats response with author contact info
Sample listing author data: {
  authorEmail: 'test@gmil.com',
  authorPhone: '+9454454545454',
  contactPhone: '+9454454545454'
}
Admin stats endpoint called
Total users: 4
Total listings: 21
Sending admin stats response with author contact info
Sample listing author data: {
  authorEmail: 'test@gmil.com',
  authorPhone: '+9454454545454',
  contactPhone: '+9454454545454'
}
Admin stats endpoint called
Total users: 4
Total listings: 21
Sending admin stats response with author contact info
Sample listing author data: {
  authorEmail: 'test@gmil.com',
  authorPhone: '+9454454545454',
  contactPhone: '+9454454545454'
}
Admin stats endpoint called
Total users: 4
Total listings: 21
Sending admin stats response with author contact info
Sample listing author data: {
  authorEmail: 'test@gmil.com',
  authorPhone: '+9454454545454',
  contactPhone: '+9454454545454'
}
Admin stats endpoint called
Total users: 4
Total listings: 21
Sending admin stats response with author contact info
Sample listing author data: {
  authorEmail: 'test@gmil.com',
  authorPhone: '+9454454545454',
  contactPhone: '+9454454545454'
}
Admin stats endpoint called
Total users: 4
Total listings: 21
Sending admin stats response with author contact info
Sample listing author data: {
  authorEmail: 'test@gmil.com',
  authorPhone: '+9454454545454',
  contactPhone: '+9454454545454'
}
Admin stats endpoint called
Total users: 4
Total listings: 21
Sending admin stats response with author contact info
Sample listing author data: {
  authorEmail: 'test@gmil.com',
  authorPhone: '+9454454545454',
  contactPhone: '+9454454545454'
}
Admin stats endpoint called
Total users: 4
Total listings: 21
Sending admin stats response with author contact info
Sample listing author data: {
  authorEmail: 'test@gmil.com',
  authorPhone: '+9454454545454',
  contactPhone: '+9454454545454'
}
=== Listing Contact Information ===
Listing ID: new ObjectId("6950e16fe180868de379f6a4")
Status: published
Contact Phone (Listing): +9411111111
Contact Phone Secondary (Listing): 23232323323
Author Info: {
  id: new ObjectId("6950e146e180868de379f698"),
  name: 'wwww sxsxsx',
  email: 'thisaru12@gmail.com',
  phone: '+9411111111'
}
===================================
=== Listing Contact Information ===
Listing ID: new ObjectId("6950e16fe180868de379f6a4")
Status: published
Contact Phone (Listing): +9411111111
Contact Phone Secondary (Listing): 23232323323
Author Info: {
  id: new ObjectId("6950e146e180868de379f698"),
  name: 'wwww sxsxsx',
  email: 'thisaru12@gmail.com',
  phone: '+9411111111'
}
===================================
=== Listing Contact Information ===
Listing ID: new ObjectId("695131267217d90eb2bf11dd")
Status: published
Contact Phone (Listing): 456546456456
Contact Phone Secondary (Listing): 545646456464
Author Info: {
  id: new ObjectId("6950e146e180868de379f698"),
  name: 'wwww sxsxsx',
  email: 'thisaru12@gmail.com',
  phone: '+9411111111'
}
===================================
=== Listing Contact Information ===
Listing ID: new ObjectId("695131267217d90eb2bf11dd")
Status: published
Contact Phone (Listing): 456546456456
Contact Phone Secondary (Listing): 545646456464
Author Info: {
  id: new ObjectId("6950e146e180868de379f698"),
  name: 'wwww sxsxsx',
  email: 'thisaru12@gmail.com',
  phone: '+9411111111'
}
===================================
=== Listing Contact Information ===
Listing ID: new ObjectId("6950e16fe180868de379f6a4")
Status: published
Contact Phone (Listing): +9411111111
Contact Phone Secondary (Listing): 23232323323
Author Info: {
  id: new ObjectId("6950e146e180868de379f698"),
  name: 'wwww sxsxsx',
  email: 'thisaru12@gmail.com',
  phone: '+9411111111'
}
===================================
=== Listing Contact Information ===
Listing ID: new ObjectId("6950e16fe180868de379f6a4")
Status: published
Contact Phone (Listing): +9411111111
Contact Phone Secondary (Listing): 23232323323
Author Info: {
  id: new ObjectId("6950e146e180868de379f698"),
  name: 'wwww sxsxsx',
  email: 'thisaru12@gmail.com',
  phone: '+9411111111'
}
===================================
Admin stats endpoint called
Total users: 4
Total listings: 21
Sending admin stats response with author contact info
Sample listing author data: {
  authorEmail: 'test@gmil.com',
  authorPhone: '+9454454545454',
  contactPhone: '+9454454545454'
}
Admin stats endpoint called
Total users: 4
Total listings: 21
Sending admin stats response with author contact info
Sample listing author data: {
  authorEmail: 'test@gmil.com',
  authorPhone: '+9454454545454',
  contactPhone: '+9454454545454'
}
Admin stats endpoint called
Total users: 4
Total listings: 21
Sending admin stats response with author contact info
Sample listing author data: {
  authorEmail: 'thisaru12@gmail.com',
  authorPhone: '+9411111111',
  contactPhone: '3333333333333333333'
}
Admin stats endpoint called
Total users: 4
Total listings: 21
Sending admin stats response with author contact info
Sample listing author data: {
  authorEmail: 'test@gmil.com',
  authorPhone: '+9454454545454',
  contactPhone: '+9454454545454'
}
